[2021-12-08 14:37:25,102 | INFO] ---------------------------------------------------------------
[2021-12-08 14:37:25,102 | INFO] Load set: {'cv1', 'cv3', 'cv0'}
[2021-12-08 14:37:36,117 | INFO] Fraction of papier in {'cv1', 'cv3', 'cv0'}: 0.3944591029023747
[2021-12-08 14:37:36,125 | INFO] Fraction of glas in {'cv1', 'cv3', 'cv0'}: 0.19854881266490765
[2021-12-08 14:37:36,125 | INFO] Fraction of pmd in {'cv1', 'cv3', 'cv0'}: 0.32717678100263853
[2021-12-08 14:37:36,125 | INFO] Fraction of restafval in {'cv1', 'cv3', 'cv0'}: 0.07981530343007916
[2021-12-08 14:37:36,135 | INFO] Load set: cv2
[2021-12-08 14:37:38,729 | INFO] Fraction of papier in cv2: 0.3940594059405941
[2021-12-08 14:37:38,729 | INFO] Fraction of glas in cv2: 0.19801980198019803
[2021-12-08 14:37:38,735 | INFO] Fraction of pmd in cv2: 0.3287128712871287
[2021-12-08 14:37:38,735 | INFO] Fraction of restafval in cv2: 0.07920792079207921
[2021-12-08 14:37:38,807 | INFO] Neural network with shape (2550, 1275, 4) was created
[2021-12-08 14:37:38,941 | INFO] Initial cross validation accuracy: 0.07920792079207921
[2021-12-08 14:37:39,414 | INFO] Initial training accuracy: 0.07981530343007916
[2021-12-08 14:37:39,426 | INFO] Optimize with max 200 iterations ...
[2021-12-08 14:43:50,619 | INFO] Cross validation accuracy: 0.502970297029703
[2021-12-08 14:43:51,133 | INFO] Training accuracy: 0.5270448548812665
[2021-12-08 14:43:51,145 | INFO] Optimize with max 200 iterations ...
[2021-12-08 14:48:28,100 | INFO] Cross validation accuracy: 0.5227722772277228
[2021-12-08 14:48:28,614 | INFO] Training accuracy: 0.5448548812664907
[2021-12-08 14:48:28,626 | INFO] Optimize with max 200 iterations ...
[2021-12-08 14:54:30,733 | INFO] Cross validation accuracy: 0.5326732673267327
[2021-12-08 14:54:31,250 | INFO] Training accuracy: 0.591688654353562
[2021-12-08 14:54:31,260 | INFO] Optimize with max 200 iterations ...
[2021-12-08 14:57:29,534 | INFO] Cross validation accuracy: 0.5227722772277228
[2021-12-08 14:57:30,048 | INFO] Training accuracy: 0.5949868073878628
[2021-12-08 14:57:30,060 | INFO] Optimize with max 200 iterations ...
[2021-12-08 15:00:21,225 | INFO] Cross validation accuracy: 0.5188118811881188
[2021-12-08 15:00:21,751 | INFO] Training accuracy: 0.5936675461741425
[2021-12-08 15:00:21,763 | INFO] Optimize with max 200 iterations ...
[2021-12-08 15:03:25,315 | INFO] Cross validation accuracy: 0.5207920792079208
[2021-12-08 15:03:25,830 | INFO] Training accuracy: 0.5969656992084432
[2021-12-08 15:03:25,839 | INFO] Optimize with max 200 iterations ...
[2021-12-08 15:09:37,693 | INFO] Cross validation accuracy: 0.5326732673267327
[2021-12-08 15:09:38,222 | INFO] Training accuracy: 0.6569920844327177
[2021-12-08 15:09:38,233 | INFO] Optimize with max 200 iterations ...
[2021-12-08 15:15:28,833 | INFO] Cross validation accuracy: 0.5603960396039604
[2021-12-08 15:15:29,359 | INFO] Training accuracy: 0.6721635883905013
[2021-12-08 15:15:29,369 | INFO] Optimize with max 200 iterations ...
[2021-12-08 15:22:04,418 | INFO] Cross validation accuracy: 0.5841584158415841
[2021-12-08 15:22:04,942 | INFO] Training accuracy: 0.741424802110818
[2021-12-08 15:22:04,952 | INFO] Optimize with max 200 iterations ...
[2021-12-08 15:28:24,464 | INFO] Cross validation accuracy: 0.5762376237623762
[2021-12-08 15:28:25,014 | INFO] Training accuracy: 0.7770448548812665
[2021-12-08 15:28:25,024 | INFO] Optimize with max 200 iterations ...
[2021-12-08 15:34:21,183 | INFO] Cross validation accuracy: 0.6
[2021-12-08 15:34:21,999 | INFO] Training accuracy: 0.7902374670184696
[2021-12-08 15:34:22,020 | INFO] Optimize with max 200 iterations ...
[2021-12-08 15:38:03,754 | INFO] Cross validation accuracy: 0.5900990099009901
[2021-12-08 15:38:04,256 | INFO] Training accuracy: 0.8139841688654353
[2021-12-08 15:38:04,265 | INFO] Optimize with max 200 iterations ...
[2021-12-08 16:08:57,277 | INFO] Cross validation accuracy: 0.5722772277227722
[2021-12-08 16:08:57,803 | INFO] Training accuracy: 0.8106860158311345
[2021-12-08 16:08:57,811 | INFO] Optimize with max 200 iterations ...
[2021-12-08 16:19:37,948 | INFO] Cross validation accuracy: 0.594059405940594
[2021-12-08 16:19:38,455 | INFO] Training accuracy: 0.8601583113456465
[2021-12-08 16:19:38,471 | INFO] Optimize with max 200 iterations ...
[2021-12-08 16:22:45,742 | INFO] Cross validation accuracy: 0.5881188118811881
[2021-12-08 16:22:46,249 | INFO] Training accuracy: 0.862796833773087
[2021-12-08 16:22:46,321 | INFO] ---------------------------------------------------------------
[2021-12-08 16:22:46,321 | INFO] Load set: {'cv2', 'cv3', 'cv0'}
[2021-12-08 16:22:58,735 | INFO] Fraction of papier in {'cv2', 'cv3', 'cv0'}: 0.3944591029023747
[2021-12-08 16:22:58,736 | INFO] Fraction of glas in {'cv2', 'cv3', 'cv0'}: 0.19788918205804748
[2021-12-08 16:22:58,736 | INFO] Fraction of pmd in {'cv2', 'cv3', 'cv0'}: 0.32783641160949867
[2021-12-08 16:22:58,736 | INFO] Fraction of restafval in {'cv2', 'cv3', 'cv0'}: 0.07981530343007916
[2021-12-08 16:22:58,751 | INFO] Load set: cv1
[2021-12-08 16:23:01,542 | INFO] Fraction of papier in cv1: 0.3940594059405941
[2021-12-08 16:23:01,543 | INFO] Fraction of glas in cv1: 0.2
[2021-12-08 16:23:01,543 | INFO] Fraction of pmd in cv1: 0.32673267326732675
[2021-12-08 16:23:01,543 | INFO] Fraction of restafval in cv1: 0.07920792079207921
[2021-12-08 16:23:01,621 | INFO] Neural network with shape (2550, 1275, 4) was created
[2021-12-08 16:23:01,779 | INFO] Initial cross validation accuracy: 0.3920792079207921
[2021-12-08 16:23:02,250 | INFO] Initial training accuracy: 0.39313984168865435
[2021-12-08 16:23:02,261 | INFO] Optimize with max 200 iterations ...
[2021-12-08 16:28:31,296 | INFO] Cross validation accuracy: 0.497029702970297
[2021-12-08 16:28:31,916 | INFO] Training accuracy: 0.512532981530343
[2021-12-08 16:28:31,928 | INFO] Optimize with max 200 iterations ...
[2021-12-08 16:36:13,793 | INFO] Cross validation accuracy: 0.5683168316831683
[2021-12-08 16:36:14,339 | INFO] Training accuracy: 0.5923482849604221
[2021-12-08 16:36:14,351 | INFO] Optimize with max 200 iterations ...
[2021-12-08 16:42:52,706 | INFO] Cross validation accuracy: 0.5544554455445545
[2021-12-08 16:42:53,224 | INFO] Training accuracy: 0.6081794195250659
[2021-12-08 16:42:53,237 | INFO] Optimize with max 200 iterations ...
[2021-12-08 16:49:25,530 | INFO] Cross validation accuracy: 0.5504950495049505
[2021-12-08 16:49:26,058 | INFO] Training accuracy: 0.6569920844327177
[2021-12-08 16:49:26,073 | INFO] Optimize with max 200 iterations ...
[2021-12-08 16:56:07,670 | INFO] Cross validation accuracy: 0.5683168316831683
[2021-12-08 16:56:08,225 | INFO] Training accuracy: 0.6939313984168866
[2021-12-08 16:56:08,237 | INFO] Optimize with max 200 iterations ...
[2021-12-08 17:02:59,853 | INFO] Cross validation accuracy: 0.5762376237623762
[2021-12-08 17:03:00,591 | INFO] Training accuracy: 0.7579155672823219
[2021-12-08 17:03:00,605 | INFO] Optimize with max 200 iterations ...
[2021-12-08 17:08:47,852 | INFO] Cross validation accuracy: 0.5801980198019802
[2021-12-08 17:08:48,471 | INFO] Training accuracy: 0.7823218997361477
[2021-12-08 17:08:48,482 | INFO] Optimize with max 200 iterations ...
[2021-12-08 17:15:26,143 | INFO] Cross validation accuracy: 0.5762376237623762
[2021-12-08 17:15:26,658 | INFO] Training accuracy: 0.8047493403693932
[2021-12-08 17:15:26,670 | INFO] Optimize with max 200 iterations ...
[2021-12-08 17:22:09,431 | INFO] Cross validation accuracy: 0.5722772277227722
[2021-12-08 17:22:09,955 | INFO] Training accuracy: 0.829155672823219
[2021-12-08 17:22:09,968 | INFO] Optimize with max 200 iterations ...
[2021-12-08 17:28:56,488 | INFO] Cross validation accuracy: 0.5841584158415841
[2021-12-08 17:28:56,996 | INFO] Training accuracy: 0.8496042216358839
[2021-12-08 17:28:57,015 | INFO] Optimize with max 200 iterations ...
[2021-12-08 17:35:43,193 | INFO] Cross validation accuracy: 0.5900990099009901
[2021-12-08 17:35:44,196 | INFO] Training accuracy: 0.8845646437994723
[2021-12-08 17:35:44,207 | INFO] Optimize with max 200 iterations ...
[2021-12-08 17:42:02,262 | INFO] Cross validation accuracy: 0.6
[2021-12-08 17:42:02,893 | INFO] Training accuracy: 0.8977572559366754
[2021-12-08 17:42:02,904 | INFO] Optimize with max 200 iterations ...
[2021-12-08 17:47:28,622 | INFO] Cross validation accuracy: 0.6178217821782178
[2021-12-08 17:47:29,196 | INFO] Training accuracy: 0.9300791556728232
[2021-12-08 17:47:29,208 | INFO] Optimize with max 200 iterations ...
[2021-12-08 17:54:02,921 | INFO] Cross validation accuracy: 0.601980198019802
[2021-12-08 17:54:03,492 | INFO] Training accuracy: 0.9492084432717678
[2021-12-08 17:54:03,507 | INFO] Optimize with max 200 iterations ...
[2021-12-08 17:58:53,539 | INFO] Cross validation accuracy: 0.6138613861386139
[2021-12-08 17:58:54,090 | INFO] Training accuracy: 0.9564643799472295
[2021-12-08 17:58:54,192 | INFO] ---------------------------------------------------------------
[2021-12-08 17:58:54,193 | INFO] Load set: {'cv2', 'cv1', 'cv0'}
[2021-12-08 17:59:05,023 | INFO] Fraction of papier in {'cv2', 'cv1', 'cv0'}: 0.3944591029023747
[2021-12-08 17:59:05,024 | INFO] Fraction of glas in {'cv2', 'cv1', 'cv0'}: 0.19854881266490765
[2021-12-08 17:59:05,024 | INFO] Fraction of pmd in {'cv2', 'cv1', 'cv0'}: 0.32717678100263853
[2021-12-08 17:59:05,024 | INFO] Fraction of restafval in {'cv2', 'cv1', 'cv0'}: 0.07981530343007916
[2021-12-08 17:59:05,041 | INFO] Load set: cv3
[2021-12-08 17:59:08,157 | INFO] Fraction of papier in cv3: 0.3940594059405941
[2021-12-08 17:59:08,157 | INFO] Fraction of glas in cv3: 0.19801980198019803
[2021-12-08 17:59:08,158 | INFO] Fraction of pmd in cv3: 0.3287128712871287
[2021-12-08 17:59:08,158 | INFO] Fraction of restafval in cv3: 0.07920792079207921
[2021-12-08 17:59:08,247 | INFO] Neural network with shape (2550, 1275, 4) was created
[2021-12-08 17:59:08,409 | INFO] Initial cross validation accuracy: 0.30495049504950494
[2021-12-08 17:59:08,910 | INFO] Initial training accuracy: 0.31398416886543534
[2021-12-08 17:59:08,916 | INFO] Optimize with max 200 iterations ...
[2021-12-08 18:06:07,295 | INFO] Cross validation accuracy: 0.5128712871287129
[2021-12-08 18:06:07,851 | INFO] Training accuracy: 0.5329815303430079
[2021-12-08 18:06:07,864 | INFO] Optimize with max 200 iterations ...
[2021-12-08 18:12:52,519 | INFO] Cross validation accuracy: 0.5366336633663367
[2021-12-08 18:12:53,077 | INFO] Training accuracy: 0.5468337730870713
[2021-12-08 18:12:53,090 | INFO] Optimize with max 200 iterations ...
[2021-12-08 18:59:51,663 | INFO] Cross validation accuracy: 0.5504950495049505
[2021-12-08 18:59:52,197 | INFO] Training accuracy: 0.5415567282321899
[2021-12-08 18:59:52,206 | INFO] Optimize with max 200 iterations ...
[2021-12-08 19:05:55,261 | INFO] Cross validation accuracy: 0.5386138613861386
[2021-12-08 19:05:55,753 | INFO] Training accuracy: 0.5837730870712401
[2021-12-08 19:05:55,767 | INFO] Optimize with max 200 iterations ...
[2021-12-08 19:12:01,028 | INFO] Cross validation accuracy: 0.5584158415841585
[2021-12-08 19:12:01,521 | INFO] Training accuracy: 0.6365435356200527
[2021-12-08 19:12:01,534 | INFO] Optimize with max 200 iterations ...
[2021-12-08 19:18:06,784 | INFO] Cross validation accuracy: 0.5623762376237624
[2021-12-08 19:18:07,287 | INFO] Training accuracy: 0.6437994722955145
[2021-12-08 19:18:07,299 | INFO] Optimize with max 200 iterations ...
[2021-12-08 19:24:16,834 | INFO] Cross validation accuracy: 0.5801980198019802
[2021-12-08 19:24:17,321 | INFO] Training accuracy: 0.6589709762532981
[2021-12-08 19:24:17,339 | INFO] Optimize with max 200 iterations ...
[2021-12-08 19:30:28,657 | INFO] Cross validation accuracy: 0.5782178217821782
[2021-12-08 19:30:29,159 | INFO] Training accuracy: 0.7058047493403694
[2021-12-08 19:30:29,167 | INFO] Optimize with max 200 iterations ...
[2021-12-08 19:34:45,235 | INFO] Cross validation accuracy: 0.596039603960396
[2021-12-08 19:34:45,740 | INFO] Training accuracy: 0.7071240105540897
[2021-12-08 19:34:45,760 | INFO] Optimize with max 200 iterations ...
[2021-12-08 19:37:47,793 | INFO] Cross validation accuracy: 0.5663366336633663
[2021-12-08 19:37:48,288 | INFO] Training accuracy: 0.7209762532981531
[2021-12-08 19:37:48,300 | INFO] Optimize with max 200 iterations ...
[2021-12-08 19:43:01,575 | INFO] Cross validation accuracy: 0.5782178217821782
[2021-12-08 19:43:02,096 | INFO] Training accuracy: 0.7302110817941952
[2021-12-08 19:43:02,106 | INFO] Optimize with max 200 iterations ...
[2021-12-08 19:46:29,737 | INFO] Cross validation accuracy: 0.5821782178217821
[2021-12-08 19:46:30,231 | INFO] Training accuracy: 0.724934036939314
[2021-12-08 19:46:30,243 | INFO] Optimize with max 200 iterations ...
[2021-12-08 19:52:39,791 | INFO] Cross validation accuracy: 0.5643564356435643
[2021-12-08 19:52:40,297 | INFO] Training accuracy: 0.7341688654353562
[2021-12-08 19:52:40,307 | INFO] Optimize with max 200 iterations ...
[2021-12-08 19:58:15,986 | INFO] Cross validation accuracy: 0.5782178217821782
[2021-12-08 19:58:16,513 | INFO] Training accuracy: 0.7816622691292876
[2021-12-08 19:58:16,525 | INFO] Optimize with max 200 iterations ...
[2021-12-08 20:04:17,558 | INFO] Cross validation accuracy: 0.592079207920792
[2021-12-08 20:04:18,048 | INFO] Training accuracy: 0.7968337730870713
[2021-12-08 20:04:18,126 | INFO] ---------------------------------------------------------------
[2021-12-08 20:04:18,126 | INFO] Load set: {'cv2', 'cv1', 'cv3'}
[2021-12-08 20:04:27,371 | INFO] Fraction of papier in {'cv2', 'cv1', 'cv3'}: 0.3940594059405941
[2021-12-08 20:04:27,371 | INFO] Fraction of glas in {'cv2', 'cv1', 'cv3'}: 0.19867986798679868
[2021-12-08 20:04:27,371 | INFO] Fraction of pmd in {'cv2', 'cv1', 'cv3'}: 0.32805280528052805
[2021-12-08 20:04:27,371 | INFO] Fraction of restafval in {'cv2', 'cv1', 'cv3'}: 0.07920792079207921
[2021-12-08 20:04:27,379 | INFO] Load set: cv0
[2021-12-08 20:04:30,018 | INFO] Fraction of papier in cv0: 0.3952569169960474
[2021-12-08 20:04:30,018 | INFO] Fraction of glas in cv0: 0.1976284584980237
[2021-12-08 20:04:30,018 | INFO] Fraction of pmd in cv0: 0.32608695652173914
[2021-12-08 20:04:30,018 | INFO] Fraction of restafval in cv0: 0.08102766798418973
[2021-12-08 20:04:30,088 | INFO] Neural network with shape (2550, 1275, 4) was created
[2021-12-08 20:04:30,236 | INFO] Initial cross validation accuracy: 0.1976284584980237
[2021-12-08 20:04:30,713 | INFO] Initial training accuracy: 0.19867986798679868
[2021-12-08 20:04:30,726 | INFO] Optimize with max 200 iterations ...
[2021-12-08 20:10:32,126 | INFO] Cross validation accuracy: 0.5276679841897233
[2021-12-08 20:10:32,656 | INFO] Training accuracy: 0.5188118811881188
[2021-12-08 20:10:32,656 | INFO] Optimize with max 200 iterations ...
[2021-12-08 20:13:40,003 | INFO] Cross validation accuracy: 0.5158102766798419
[2021-12-08 20:13:40,539 | INFO] Training accuracy: 0.5135313531353135
[2021-12-08 20:13:40,559 | INFO] Optimize with max 200 iterations ...
[2021-12-08 20:16:45,178 | INFO] Cross validation accuracy: 0.5335968379446641
[2021-12-08 20:16:45,701 | INFO] Training accuracy: 0.5287128712871287
[2021-12-08 20:16:45,713 | INFO] Optimize with max 200 iterations ...
[2021-12-08 20:20:16,788 | INFO] Cross validation accuracy: 0.5434782608695652
[2021-12-08 20:20:17,276 | INFO] Training accuracy: 0.5359735973597359
[2021-12-08 20:20:17,286 | INFO] Optimize with max 200 iterations ...
[2021-12-08 20:25:10,085 | INFO] Cross validation accuracy: 0.5375494071146245
[2021-12-08 20:25:10,581 | INFO] Training accuracy: 0.5551155115511551
[2021-12-08 20:25:10,591 | INFO] Optimize with max 200 iterations ...
[2021-12-08 20:28:10,839 | INFO] Cross validation accuracy: 0.5375494071146245
[2021-12-08 20:28:11,346 | INFO] Training accuracy: 0.5590759075907591
[2021-12-08 20:28:11,364 | INFO] Optimize with max 200 iterations ...
[2021-12-08 20:32:45,993 | INFO] Cross validation accuracy: 0.549407114624506
[2021-12-08 20:32:46,499 | INFO] Training accuracy: 0.5834983498349835
[2021-12-08 20:32:46,499 | INFO] Optimize with max 200 iterations ...
[2021-12-08 20:36:49,549 | INFO] Cross validation accuracy: 0.5869565217391305
[2021-12-08 20:36:50,054 | INFO] Training accuracy: 0.6244224422442244
[2021-12-08 20:36:50,064 | INFO] Optimize with max 200 iterations ...
[2021-12-08 20:42:58,735 | INFO] Cross validation accuracy: 0.5691699604743083
[2021-12-08 20:42:59,251 | INFO] Training accuracy: 0.6277227722772277
[2021-12-08 20:42:59,269 | INFO] Optimize with max 200 iterations ...
[2021-12-08 20:49:08,215 | INFO] Cross validation accuracy: 0.5632411067193676
[2021-12-08 20:49:08,727 | INFO] Training accuracy: 0.6811881188118812
[2021-12-08 20:49:08,727 | INFO] Optimize with max 200 iterations ...
[2021-12-08 20:55:12,478 | INFO] Cross validation accuracy: 0.6047430830039525
[2021-12-08 20:55:13,022 | INFO] Training accuracy: 0.7742574257425743
[2021-12-08 20:55:13,034 | INFO] Optimize with max 200 iterations ...
[2021-12-08 21:01:26,238 | INFO] Cross validation accuracy: 0.616600790513834
[2021-12-08 21:01:27,091 | INFO] Training accuracy: 0.7993399339933993
[2021-12-08 21:01:27,104 | INFO] Optimize with max 200 iterations ...
[2021-12-08 21:05:41,226 | INFO] Cross validation accuracy: 0.6047430830039525
[2021-12-08 21:05:41,739 | INFO] Training accuracy: 0.8422442244224423
[2021-12-08 21:05:41,751 | INFO] Optimize with max 200 iterations ...
[2021-12-08 21:11:52,105 | INFO] Cross validation accuracy: 0.6343873517786561
[2021-12-08 21:11:52,600 | INFO] Training accuracy: 0.8382838283828383
[2021-12-08 21:11:52,612 | INFO] Optimize with max 200 iterations ...
[2021-12-08 21:16:50,160 | INFO] Cross validation accuracy: 0.6264822134387352
[2021-12-08 21:16:50,665 | INFO] Training accuracy: 0.8402640264026403
