[2021-12-07 17:23:48,197 | INFO] ---------------------------------------------------------------
[2021-12-07 17:23:48,213 | INFO] Load set: {'cv0', 'cv1', 'cv2'}
[2021-12-07 17:23:58,317 | INFO] Fraction of papier in {'cv0', 'cv1', 'cv2'}: 0.3944591029023747
[2021-12-07 17:23:58,317 | INFO] Fraction of glas in {'cv0', 'cv1', 'cv2'}: 0.19854881266490765
[2021-12-07 17:23:58,318 | INFO] Fraction of pmd in {'cv0', 'cv1', 'cv2'}: 0.32717678100263853
[2021-12-07 17:23:58,318 | INFO] Fraction of restafval in {'cv0', 'cv1', 'cv2'}: 0.07981530343007916
[2021-12-07 17:23:58,329 | INFO] Load set: cv3
[2021-12-07 17:24:01,342 | INFO] Fraction of papier in cv3: 0.3940594059405941
[2021-12-07 17:24:01,342 | INFO] Fraction of glas in cv3: 0.19801980198019803
[2021-12-07 17:24:01,343 | INFO] Fraction of pmd in cv3: 0.3287128712871287
[2021-12-07 17:24:01,343 | INFO] Fraction of restafval in cv3: 0.07920792079207921
[2021-12-07 17:24:01,371 | INFO] Neural network with shape (1425, 712, 4) was created
[2021-12-07 17:24:01,419 | INFO] Initial cross validation accuracy: 0.2079207920792079
[2021-12-07 17:24:01,419 | INFO] Optimize with max 200 iterations ...
[2021-12-07 17:26:05,099 | INFO] Cross validation accuracy: 0.499009900990099
[2021-12-07 17:26:05,099 | INFO] Optimize with max 200 iterations ...
[2021-12-07 17:28:42,280 | INFO] Cross validation accuracy: 0.5346534653465347
[2021-12-07 17:28:42,282 | INFO] Optimize with max 200 iterations ...
[2021-12-07 17:31:15,345 | INFO] Cross validation accuracy: 0.5801980198019802
[2021-12-07 17:31:15,355 | INFO] Optimize with max 200 iterations ...
[2021-12-07 17:33:57,084 | INFO] Cross validation accuracy: 0.5762376237623762
[2021-12-07 17:33:57,092 | INFO] Optimize with max 200 iterations ...
[2021-12-07 17:35:48,964 | INFO] Cross validation accuracy: 0.5564356435643565
[2021-12-07 17:35:48,964 | INFO] Optimize with max 200 iterations ...
[2021-12-07 17:38:04,415 | INFO] Cross validation accuracy: 0.5801980198019802
[2021-12-07 17:38:04,418 | INFO] Optimize with max 200 iterations ...
[2021-12-07 17:39:40,812 | INFO] Cross validation accuracy: 0.5861386138613861
[2021-12-07 17:39:40,817 | INFO] Optimize with max 200 iterations ...
[2021-12-07 17:41:53,580 | INFO] Cross validation accuracy: 0.592079207920792
[2021-12-07 17:41:53,580 | INFO] Optimize with max 200 iterations ...
[2021-12-07 17:43:47,538 | INFO] Cross validation accuracy: 0.596039603960396
[2021-12-07 17:43:47,538 | INFO] Optimize with max 200 iterations ...
[2021-12-07 17:46:00,941 | INFO] Cross validation accuracy: 0.592079207920792
[2021-12-07 17:46:00,941 | INFO] ---------------------------------------------------------------
[2021-12-07 17:46:00,941 | INFO] Load set: {'cv3', 'cv1', 'cv2'}
[2021-12-07 17:46:09,530 | INFO] Fraction of papier in {'cv3', 'cv1', 'cv2'}: 0.3940594059405941
[2021-12-07 17:46:09,530 | INFO] Fraction of glas in {'cv3', 'cv1', 'cv2'}: 0.19867986798679868
[2021-12-07 17:46:09,530 | INFO] Fraction of pmd in {'cv3', 'cv1', 'cv2'}: 0.32805280528052805
[2021-12-07 17:46:09,530 | INFO] Fraction of restafval in {'cv3', 'cv1', 'cv2'}: 0.07920792079207921
[2021-12-07 17:46:09,530 | INFO] Load set: cv0
[2021-12-07 17:46:12,125 | INFO] Fraction of papier in cv0: 0.3952569169960474
[2021-12-07 17:46:12,125 | INFO] Fraction of glas in cv0: 0.1976284584980237
[2021-12-07 17:46:12,125 | INFO] Fraction of pmd in cv0: 0.32608695652173914
[2021-12-07 17:46:12,125 | INFO] Fraction of restafval in cv0: 0.08102766798418973
[2021-12-07 17:46:12,154 | INFO] Neural network with shape (1425, 712, 4) was created
[2021-12-07 17:46:12,207 | INFO] Initial cross validation accuracy: 0.08102766798418973
[2021-12-07 17:46:12,207 | INFO] Optimize with max 200 iterations ...
[2021-12-07 17:48:20,757 | INFO] Cross validation accuracy: 0.4743083003952569
[2021-12-07 17:48:20,757 | INFO] Optimize with max 200 iterations ...
[2021-12-07 17:50:34,191 | INFO] Cross validation accuracy: 0.5296442687747036
[2021-12-07 17:50:34,191 | INFO] Optimize with max 200 iterations ...
[2021-12-07 17:52:46,232 | INFO] Cross validation accuracy: 0.575098814229249
[2021-12-07 17:52:46,236 | INFO] Optimize with max 200 iterations ...
[2021-12-07 17:54:45,024 | INFO] Cross validation accuracy: 0.5810276679841897
[2021-12-07 17:54:45,032 | INFO] Optimize with max 200 iterations ...
[2021-12-07 17:56:30,957 | INFO] Cross validation accuracy: 0.5691699604743083
[2021-12-07 17:56:30,960 | INFO] Optimize with max 200 iterations ...
[2021-12-07 17:58:50,652 | INFO] Cross validation accuracy: 0.5948616600790514
[2021-12-07 17:58:50,652 | INFO] Optimize with max 200 iterations ...
[2021-12-07 18:01:06,379 | INFO] Cross validation accuracy: 0.5909090909090909
[2021-12-07 18:01:06,382 | INFO] Optimize with max 200 iterations ...
[2021-12-07 18:03:21,606 | INFO] Cross validation accuracy: 0.616600790513834
[2021-12-07 18:03:21,606 | INFO] Optimize with max 200 iterations ...
[2021-12-07 18:05:37,780 | INFO] Cross validation accuracy: 0.6086956521739131
[2021-12-07 18:05:37,784 | INFO] Optimize with max 200 iterations ...
[2021-12-07 18:07:59,203 | INFO] Cross validation accuracy: 0.6403162055335968
[2021-12-07 18:07:59,203 | INFO] ---------------------------------------------------------------
[2021-12-07 18:07:59,203 | INFO] Load set: {'cv3', 'cv0', 'cv2'}
[2021-12-07 18:08:07,718 | INFO] Fraction of papier in {'cv3', 'cv0', 'cv2'}: 0.3944591029023747
[2021-12-07 18:08:07,718 | INFO] Fraction of glas in {'cv3', 'cv0', 'cv2'}: 0.19788918205804748
[2021-12-07 18:08:07,718 | INFO] Fraction of pmd in {'cv3', 'cv0', 'cv2'}: 0.32783641160949867
[2021-12-07 18:08:07,718 | INFO] Fraction of restafval in {'cv3', 'cv0', 'cv2'}: 0.07981530343007916
[2021-12-07 18:08:07,728 | INFO] Load set: cv1
[2021-12-07 18:08:10,319 | INFO] Fraction of papier in cv1: 0.3940594059405941
[2021-12-07 18:08:10,319 | INFO] Fraction of glas in cv1: 0.2
[2021-12-07 18:08:10,319 | INFO] Fraction of pmd in cv1: 0.32673267326732675
[2021-12-07 18:08:10,319 | INFO] Fraction of restafval in cv1: 0.07920792079207921
[2021-12-07 18:08:10,349 | INFO] Neural network with shape (1425, 712, 4) was created
[2021-12-07 18:08:10,398 | INFO] Initial cross validation accuracy: 0.3940594059405941
[2021-12-07 18:08:10,398 | INFO] Optimize with max 200 iterations ...
[2021-12-07 18:09:53,744 | INFO] Cross validation accuracy: 0.3940594059405941
[2021-12-07 18:09:53,759 | INFO] Optimize with max 200 iterations ...
[2021-12-07 18:12:10,012 | INFO] Cross validation accuracy: 0.5267326732673268
[2021-12-07 18:12:10,015 | INFO] Optimize with max 200 iterations ...
[2021-12-07 18:14:24,041 | INFO] Cross validation accuracy: 0.5267326732673268
[2021-12-07 18:14:24,047 | INFO] Optimize with max 200 iterations ...
[2021-12-07 18:16:34,723 | INFO] Cross validation accuracy: 0.5603960396039604
[2021-12-07 18:16:34,727 | INFO] Optimize with max 200 iterations ...
[2021-12-07 18:18:50,449 | INFO] Cross validation accuracy: 0.5564356435643565
[2021-12-07 18:18:50,453 | INFO] Optimize with max 200 iterations ...
[2021-12-07 18:21:07,574 | INFO] Cross validation accuracy: 0.5722772277227722
[2021-12-07 18:21:07,574 | INFO] Optimize with max 200 iterations ...
[2021-12-07 18:23:18,130 | INFO] Cross validation accuracy: 0.5504950495049505
[2021-12-07 18:23:18,133 | INFO] Optimize with max 200 iterations ...
[2021-12-07 18:25:01,484 | INFO] Cross validation accuracy: 0.5762376237623762
[2021-12-07 18:25:01,488 | INFO] Optimize with max 200 iterations ...
[2021-12-07 18:27:13,908 | INFO] Cross validation accuracy: 0.5683168316831683
[2021-12-07 18:27:13,914 | INFO] Optimize with max 200 iterations ...
[2021-12-07 18:29:11,316 | INFO] Cross validation accuracy: 0.5841584158415841
[2021-12-07 18:29:11,317 | INFO] ---------------------------------------------------------------
[2021-12-07 18:29:11,317 | INFO] Load set: {'cv3', 'cv0', 'cv1'}
[2021-12-07 18:29:19,511 | INFO] Fraction of papier in {'cv3', 'cv0', 'cv1'}: 0.3944591029023747
[2021-12-07 18:29:19,511 | INFO] Fraction of glas in {'cv3', 'cv0', 'cv1'}: 0.19854881266490765
[2021-12-07 18:29:19,511 | INFO] Fraction of pmd in {'cv3', 'cv0', 'cv1'}: 0.32717678100263853
[2021-12-07 18:29:19,512 | INFO] Fraction of restafval in {'cv3', 'cv0', 'cv1'}: 0.07981530343007916
[2021-12-07 18:29:19,520 | INFO] Load set: cv2
[2021-12-07 18:29:21,972 | INFO] Fraction of papier in cv2: 0.3940594059405941
[2021-12-07 18:29:21,972 | INFO] Fraction of glas in cv2: 0.19801980198019803
[2021-12-07 18:29:21,972 | INFO] Fraction of pmd in cv2: 0.3287128712871287
[2021-12-07 18:29:21,972 | INFO] Fraction of restafval in cv2: 0.07920792079207921
[2021-12-07 18:29:21,995 | INFO] Neural network with shape (1425, 712, 4) was created
[2021-12-07 18:29:22,033 | INFO] Initial cross validation accuracy: 0.19801980198019803
[2021-12-07 18:29:22,043 | INFO] Optimize with max 200 iterations ...
[2021-12-07 18:31:43,009 | INFO] Cross validation accuracy: 0.49306930693069306
[2021-12-07 18:31:43,017 | INFO] Optimize with max 200 iterations ...
[2021-12-07 18:33:53,115 | INFO] Cross validation accuracy: 0.5267326732673268
[2021-12-07 18:33:53,115 | INFO] Optimize with max 200 iterations ...
[2021-12-07 18:35:55,691 | INFO] Cross validation accuracy: 0.5148514851485149
[2021-12-07 18:35:55,701 | INFO] Optimize with max 200 iterations ...
[2021-12-07 18:38:09,541 | INFO] Cross validation accuracy: 0.5386138613861386
[2021-12-07 18:38:09,545 | INFO] Optimize with max 200 iterations ...
[2021-12-07 18:40:20,106 | INFO] Cross validation accuracy: 0.5405940594059406
[2021-12-07 18:40:20,114 | INFO] Optimize with max 200 iterations ...
[2021-12-07 18:42:35,551 | INFO] Cross validation accuracy: 0.5603960396039604
[2021-12-07 18:42:35,551 | INFO] Optimize with max 200 iterations ...
[2021-12-07 18:44:48,916 | INFO] Cross validation accuracy: 0.5643564356435643
[2021-12-07 18:44:48,924 | INFO] Optimize with max 200 iterations ...
[2021-12-07 18:47:05,528 | INFO] Cross validation accuracy: 0.5702970297029702
[2021-12-07 18:47:05,528 | INFO] Optimize with max 200 iterations ...
[2021-12-07 18:49:23,245 | INFO] Cross validation accuracy: 0.5900990099009901
[2021-12-07 18:49:23,249 | INFO] Optimize with max 200 iterations ...
[2021-12-07 18:51:40,522 | INFO] Cross validation accuracy: 0.592079207920792
