[2021-12-07 15:18:57,909 | INFO] ---------------------------------------------------------------
[2021-12-07 15:18:57,911 | INFO] Load set: {'cv2', 'cv3', 'cv0'}
[2021-12-07 15:19:05,387 | INFO] Fraction of papier in {'cv2', 'cv3', 'cv0'}: 0.5461187214611872
[2021-12-07 15:19:05,387 | INFO] Fraction of pmd in {'cv2', 'cv3', 'cv0'}: 0.45388127853881277
[2021-12-07 15:19:05,393 | INFO] Load set: cv1
[2021-12-07 15:19:07,418 | INFO] Fraction of papier in cv1: 0.5452054794520548
[2021-12-07 15:19:07,419 | INFO] Fraction of pmd in cv1: 0.4547945205479452
[2021-12-07 15:19:07,447 | INFO] Neural network with shape (1425, 712, 2) was created
[2021-12-07 15:19:07,490 | INFO] Initial cross validation accuracy: 0.547945205479452
[2021-12-07 15:19:07,497 | INFO] Optimize with max 100 iterations ...
[2021-12-07 15:20:06,527 | INFO] Cross validation accuracy: 0.5452054794520548
[2021-12-07 15:20:06,530 | INFO] Optimize with max 100 iterations ...
[2021-12-07 15:50:09,491 | INFO] Cross validation accuracy: 0.7671232876712328
[2021-12-07 15:50:09,491 | INFO] Optimize with max 100 iterations ...
[2021-12-07 15:51:08,067 | INFO] Cross validation accuracy: 0.7342465753424657
[2021-12-07 15:51:08,067 | INFO] Optimize with max 100 iterations ...
[2021-12-07 15:51:59,854 | INFO] Cross validation accuracy: 0.7671232876712328
[2021-12-07 15:51:59,854 | INFO] Optimize with max 100 iterations ...
[2021-12-07 15:52:49,037 | INFO] Cross validation accuracy: 0.7753424657534247
[2021-12-07 15:52:49,037 | INFO] Optimize with max 100 iterations ...
[2021-12-07 15:53:36,780 | INFO] Cross validation accuracy: 0.7616438356164383
[2021-12-07 15:53:36,780 | INFO] Optimize with max 100 iterations ...
[2021-12-07 15:54:26,784 | INFO] Cross validation accuracy: 0.7616438356164383
[2021-12-07 15:54:26,784 | INFO] Optimize with max 100 iterations ...
[2021-12-07 15:55:15,364 | INFO] Cross validation accuracy: 0.7835616438356164
[2021-12-07 15:55:15,364 | INFO] Optimize with max 100 iterations ...
[2021-12-07 15:56:05,302 | INFO] Cross validation accuracy: 0.7643835616438356
[2021-12-07 15:56:05,302 | INFO] Optimize with max 100 iterations ...
[2021-12-07 15:56:57,057 | INFO] Cross validation accuracy: 0.7561643835616438
[2021-12-07 15:56:57,057 | INFO] Optimize with max 100 iterations ...
[2021-12-07 15:57:46,341 | INFO] Cross validation accuracy: 0.7780821917808219
[2021-12-07 15:57:46,341 | INFO] Optimize with max 100 iterations ...
[2021-12-07 15:58:33,557 | INFO] Cross validation accuracy: 0.7808219178082192
[2021-12-07 15:58:33,557 | INFO] Optimize with max 100 iterations ...
[2021-12-07 15:59:24,635 | INFO] Cross validation accuracy: 0.7698630136986301
[2021-12-07 15:59:24,635 | INFO] Optimize with max 100 iterations ...
[2021-12-07 16:00:02,483 | INFO] Cross validation accuracy: 0.7726027397260274
[2021-12-07 16:00:02,486 | INFO] Optimize with max 100 iterations ...
[2021-12-07 16:00:53,448 | INFO] Cross validation accuracy: 0.7753424657534247
[2021-12-07 16:00:53,451 | INFO] Optimize with max 100 iterations ...
[2021-12-07 16:01:47,085 | INFO] Cross validation accuracy: 0.7753424657534247
[2021-12-07 16:01:47,085 | INFO] Optimize with max 100 iterations ...
[2021-12-07 16:02:56,612 | INFO] Cross validation accuracy: 0.7835616438356164
[2021-12-07 16:02:56,616 | INFO] Optimize with max 100 iterations ...
[2021-12-07 16:03:49,745 | INFO] Cross validation accuracy: 0.7863013698630137
[2021-12-07 16:03:49,745 | INFO] Optimize with max 100 iterations ...
[2021-12-07 16:04:42,439 | INFO] Cross validation accuracy: 0.7808219178082192
[2021-12-07 16:04:42,454 | INFO] Optimize with max 100 iterations ...
[2021-12-07 16:05:31,676 | INFO] Cross validation accuracy: 0.7753424657534247
[2021-12-07 16:05:31,676 | INFO] ---------------------------------------------------------------
[2021-12-07 16:05:31,676 | INFO] Load set: {'cv1', 'cv3', 'cv0'}
[2021-12-07 16:05:37,428 | INFO] Fraction of papier in {'cv1', 'cv3', 'cv0'}: 0.5461187214611872
[2021-12-07 16:05:37,428 | INFO] Fraction of pmd in {'cv1', 'cv3', 'cv0'}: 0.45388127853881277
[2021-12-07 16:05:37,436 | INFO] Load set: cv2
[2021-12-07 16:05:39,199 | INFO] Fraction of papier in cv2: 0.5452054794520548
[2021-12-07 16:05:39,199 | INFO] Fraction of pmd in cv2: 0.4547945205479452
[2021-12-07 16:05:39,221 | INFO] Neural network with shape (1425, 712, 2) was created
[2021-12-07 16:05:39,252 | INFO] Initial cross validation accuracy: 0.5342465753424658
[2021-12-07 16:05:39,260 | INFO] Optimize with max 100 iterations ...
[2021-12-07 16:06:31,724 | INFO] Cross validation accuracy: 0.6767123287671233
[2021-12-07 16:06:31,732 | INFO] Optimize with max 100 iterations ...
[2021-12-07 16:07:22,625 | INFO] Cross validation accuracy: 0.7808219178082192
[2021-12-07 16:07:22,633 | INFO] Optimize with max 100 iterations ...
[2021-12-07 16:08:12,157 | INFO] Cross validation accuracy: 0.7534246575342466
[2021-12-07 16:08:12,161 | INFO] Optimize with max 100 iterations ...
[2021-12-07 16:09:03,953 | INFO] Cross validation accuracy: 0.7726027397260274
[2021-12-07 16:09:03,953 | INFO] Optimize with max 100 iterations ...
[2021-12-07 16:09:53,538 | INFO] Cross validation accuracy: 0.7506849315068493
[2021-12-07 16:09:53,538 | INFO] Optimize with max 100 iterations ...
[2021-12-07 16:10:45,749 | INFO] Cross validation accuracy: 0.7863013698630137
[2021-12-07 16:10:45,749 | INFO] Optimize with max 100 iterations ...
[2021-12-07 16:11:38,873 | INFO] Cross validation accuracy: 0.7890410958904109
[2021-12-07 16:11:38,878 | INFO] Optimize with max 100 iterations ...
[2021-12-07 16:12:29,987 | INFO] Cross validation accuracy: 0.7698630136986301
[2021-12-07 16:12:29,995 | INFO] Optimize with max 100 iterations ...
[2021-12-07 16:13:21,198 | INFO] Cross validation accuracy: 0.7835616438356164
[2021-12-07 16:13:21,200 | INFO] Optimize with max 100 iterations ...
[2021-12-07 16:14:11,276 | INFO] Cross validation accuracy: 0.7698630136986301
[2021-12-07 16:14:11,276 | INFO] Optimize with max 100 iterations ...
[2021-12-07 16:15:01,580 | INFO] Cross validation accuracy: 0.7726027397260274
[2021-12-07 16:15:01,588 | INFO] Optimize with max 100 iterations ...
[2021-12-07 16:15:54,408 | INFO] Cross validation accuracy: 0.7890410958904109
[2021-12-07 16:15:54,424 | INFO] Optimize with max 100 iterations ...
[2021-12-07 16:16:45,176 | INFO] Cross validation accuracy: 0.7890410958904109
[2021-12-07 16:16:45,176 | INFO] Optimize with max 100 iterations ...
[2021-12-07 16:17:34,862 | INFO] Cross validation accuracy: 0.7863013698630137
[2021-12-07 16:17:34,867 | INFO] Optimize with max 100 iterations ...
[2021-12-07 16:18:26,829 | INFO] Cross validation accuracy: 0.7972602739726027
[2021-12-07 16:18:26,833 | INFO] Optimize with max 100 iterations ...
[2021-12-07 16:19:18,505 | INFO] Cross validation accuracy: 0.7890410958904109
[2021-12-07 16:19:18,505 | INFO] Optimize with max 100 iterations ...
[2021-12-07 16:20:10,639 | INFO] Cross validation accuracy: 0.7808219178082192
[2021-12-07 16:20:10,639 | INFO] Optimize with max 100 iterations ...
[2021-12-07 16:21:04,096 | INFO] Cross validation accuracy: 0.7890410958904109
[2021-12-07 16:21:04,096 | INFO] Optimize with max 100 iterations ...
[2021-12-07 16:21:54,024 | INFO] Cross validation accuracy: 0.7945205479452054
[2021-12-07 16:21:54,024 | INFO] Optimize with max 100 iterations ...
[2021-12-07 16:22:42,790 | INFO] Cross validation accuracy: 0.7863013698630137
[2021-12-07 16:22:42,800 | INFO] ---------------------------------------------------------------
[2021-12-07 16:22:42,800 | INFO] Load set: {'cv1', 'cv2', 'cv0'}
[2021-12-07 16:22:48,429 | INFO] Fraction of papier in {'cv1', 'cv2', 'cv0'}: 0.5461187214611872
[2021-12-07 16:22:48,429 | INFO] Fraction of pmd in {'cv1', 'cv2', 'cv0'}: 0.45388127853881277
[2021-12-07 16:22:48,429 | INFO] Load set: cv3
[2021-12-07 16:22:50,284 | INFO] Fraction of papier in cv3: 0.5452054794520548
[2021-12-07 16:22:50,284 | INFO] Fraction of pmd in cv3: 0.4547945205479452
[2021-12-07 16:22:50,310 | INFO] Neural network with shape (1425, 712, 2) was created
[2021-12-07 16:22:50,354 | INFO] Initial cross validation accuracy: 0.5452054794520548
[2021-12-07 16:22:50,357 | INFO] Optimize with max 100 iterations ...
[2021-12-07 16:23:38,582 | INFO] Cross validation accuracy: 0.5452054794520548
[2021-12-07 16:23:38,582 | INFO] Optimize with max 100 iterations ...
[2021-12-07 16:24:28,911 | INFO] Cross validation accuracy: 0.547945205479452
[2021-12-07 16:24:28,917 | INFO] Optimize with max 100 iterations ...
[2021-12-07 16:25:23,011 | INFO] Cross validation accuracy: 0.6657534246575343
[2021-12-07 16:25:23,013 | INFO] Optimize with max 100 iterations ...
[2021-12-07 16:26:11,710 | INFO] Cross validation accuracy: 0.7397260273972602
[2021-12-07 16:26:11,736 | INFO] Optimize with max 100 iterations ...
[2021-12-07 16:26:59,736 | INFO] Cross validation accuracy: 0.7424657534246575
[2021-12-07 16:26:59,736 | INFO] Optimize with max 100 iterations ...
[2021-12-07 16:27:49,828 | INFO] Cross validation accuracy: 0.7397260273972602
[2021-12-07 16:27:49,828 | INFO] Optimize with max 100 iterations ...
[2021-12-07 16:28:40,161 | INFO] Cross validation accuracy: 0.736986301369863
[2021-12-07 16:28:40,171 | INFO] Optimize with max 100 iterations ...
[2021-12-07 16:29:32,163 | INFO] Cross validation accuracy: 0.7479452054794521
[2021-12-07 16:29:32,163 | INFO] Optimize with max 100 iterations ...
[2021-12-07 16:30:21,718 | INFO] Cross validation accuracy: 0.7452054794520548
[2021-12-07 16:30:21,722 | INFO] Optimize with max 100 iterations ...
[2021-12-07 16:31:10,981 | INFO] Cross validation accuracy: 0.7506849315068493
[2021-12-07 16:31:10,981 | INFO] Optimize with max 100 iterations ...
[2021-12-07 16:32:02,895 | INFO] Cross validation accuracy: 0.7534246575342466
[2021-12-07 16:32:02,897 | INFO] Optimize with max 100 iterations ...
[2021-12-07 16:32:54,299 | INFO] Cross validation accuracy: 0.7479452054794521
[2021-12-07 16:32:54,330 | INFO] Optimize with max 100 iterations ...
[2021-12-07 16:33:45,670 | INFO] Cross validation accuracy: 0.7205479452054795
[2021-12-07 16:33:45,670 | INFO] Optimize with max 100 iterations ...
[2021-12-07 16:34:35,451 | INFO] Cross validation accuracy: 0.7397260273972602
[2021-12-07 16:34:35,459 | INFO] Optimize with max 100 iterations ...
[2021-12-07 16:35:26,033 | INFO] Cross validation accuracy: 0.7506849315068493
[2021-12-07 16:35:26,037 | INFO] Optimize with max 100 iterations ...
[2021-12-07 16:36:15,061 | INFO] Cross validation accuracy: 0.7506849315068493
[2021-12-07 16:36:15,065 | INFO] Optimize with max 100 iterations ...
[2021-12-07 16:37:05,048 | INFO] Cross validation accuracy: 0.7589041095890411
[2021-12-07 16:37:05,052 | INFO] Optimize with max 100 iterations ...
[2021-12-07 16:37:44,619 | INFO] Cross validation accuracy: 0.7561643835616438
[2021-12-07 16:37:44,619 | INFO] Optimize with max 100 iterations ...
[2021-12-07 16:38:33,134 | INFO] Cross validation accuracy: 0.7616438356164383
[2021-12-07 16:38:33,134 | INFO] Optimize with max 100 iterations ...
[2021-12-07 16:39:22,566 | INFO] Cross validation accuracy: 0.7479452054794521
[2021-12-07 16:39:22,566 | INFO] ---------------------------------------------------------------
[2021-12-07 16:39:22,566 | INFO] Load set: {'cv1', 'cv2', 'cv3'}
[2021-12-07 16:39:28,203 | INFO] Fraction of papier in {'cv1', 'cv2', 'cv3'}: 0.5452054794520548
[2021-12-07 16:39:28,203 | INFO] Fraction of pmd in {'cv1', 'cv2', 'cv3'}: 0.4547945205479452
[2021-12-07 16:39:28,203 | INFO] Load set: cv0
[2021-12-07 16:39:30,056 | INFO] Fraction of papier in cv0: 0.547945205479452
[2021-12-07 16:39:30,056 | INFO] Fraction of pmd in cv0: 0.4520547945205479
[2021-12-07 16:39:30,084 | INFO] Neural network with shape (1425, 712, 2) was created
[2021-12-07 16:39:30,116 | INFO] Initial cross validation accuracy: 0.4465753424657534
[2021-12-07 16:39:30,116 | INFO] Optimize with max 100 iterations ...
[2021-12-07 16:39:59,769 | INFO] Cross validation accuracy: 0.547945205479452
[2021-12-07 16:39:59,769 | INFO] Optimize with max 100 iterations ...
[2021-12-07 16:40:48,934 | INFO] Cross validation accuracy: 0.5534246575342465
[2021-12-07 16:40:48,934 | INFO] Optimize with max 100 iterations ...
[2021-12-07 16:41:37,605 | INFO] Cross validation accuracy: 0.6876712328767123
[2021-12-07 16:41:37,615 | INFO] Optimize with max 100 iterations ...
[2021-12-07 16:42:30,333 | INFO] Cross validation accuracy: 0.663013698630137
[2021-12-07 16:42:30,338 | INFO] Optimize with max 100 iterations ...
[2021-12-07 16:43:22,682 | INFO] Cross validation accuracy: 0.6602739726027397
[2021-12-07 16:43:22,686 | INFO] Optimize with max 100 iterations ...
[2021-12-07 16:44:14,468 | INFO] Cross validation accuracy: 0.7178082191780822
[2021-12-07 16:44:14,472 | INFO] Optimize with max 100 iterations ...
[2021-12-07 16:45:08,431 | INFO] Cross validation accuracy: 0.7424657534246575
[2021-12-07 16:45:08,431 | INFO] Optimize with max 100 iterations ...
[2021-12-07 16:46:00,718 | INFO] Cross validation accuracy: 0.7315068493150685
[2021-12-07 16:46:00,721 | INFO] Optimize with max 100 iterations ...
[2021-12-07 16:46:52,442 | INFO] Cross validation accuracy: 0.7068493150684931
[2021-12-07 16:46:52,442 | INFO] Optimize with max 100 iterations ...
[2021-12-07 16:47:43,538 | INFO] Cross validation accuracy: 0.726027397260274
[2021-12-07 16:47:43,538 | INFO] Optimize with max 100 iterations ...
[2021-12-07 16:48:32,793 | INFO] Cross validation accuracy: 0.726027397260274
[2021-12-07 16:48:32,803 | INFO] Optimize with max 100 iterations ...
[2021-12-07 16:49:17,770 | INFO] Cross validation accuracy: 0.7232876712328767
[2021-12-07 16:49:17,786 | INFO] Optimize with max 100 iterations ...
[2021-12-07 16:50:07,668 | INFO] Cross validation accuracy: 0.726027397260274
[2021-12-07 16:50:07,679 | INFO] Optimize with max 100 iterations ...
[2021-12-07 16:50:59,964 | INFO] Cross validation accuracy: 0.7232876712328767
[2021-12-07 16:50:59,974 | INFO] Optimize with max 100 iterations ...
[2021-12-07 16:51:52,784 | INFO] Cross validation accuracy: 0.7095890410958904
[2021-12-07 16:51:52,787 | INFO] Optimize with max 100 iterations ...
[2021-12-07 16:52:43,134 | INFO] Cross validation accuracy: 0.7150684931506849
[2021-12-07 16:52:43,142 | INFO] Optimize with max 100 iterations ...
[2021-12-07 16:53:35,664 | INFO] Cross validation accuracy: 0.7068493150684931
[2021-12-07 16:53:35,680 | INFO] Optimize with max 100 iterations ...
[2021-12-07 16:54:26,676 | INFO] Cross validation accuracy: 0.7315068493150685
[2021-12-07 16:54:26,676 | INFO] Optimize with max 100 iterations ...
[2021-12-07 16:55:17,537 | INFO] Cross validation accuracy: 0.7068493150684931
[2021-12-07 16:55:17,537 | INFO] Optimize with max 100 iterations ...
[2021-12-07 16:56:04,636 | INFO] Cross validation accuracy: 0.7315068493150685